[debug] [2025-06-20T02:00:20.009Z] ----------------------------------------------------------------------
[debug] [2025-06-20T02:00:20.011Z] Command:       D:\Program Files\nodejs\node.exe C:\Users\Илья\AppData\Roaming\npm\node_modules\firebase-tools\lib\bin\firebase.js init
[debug] [2025-06-20T02:00:20.011Z] CLI Version:   14.7.0
[debug] [2025-06-20T02:00:20.011Z] Platform:      win32
[debug] [2025-06-20T02:00:20.011Z] Node Version:  v22.16.0
[debug] [2025-06-20T02:00:20.012Z] Time:          Fri Jun 20 2025 05:00:20 GMT+0300 (Москва, стандартное время)
[debug] [2025-06-20T02:00:20.012Z] ----------------------------------------------------------------------
[debug] 
[debug] [2025-06-20T02:00:20.016Z] > command requires scopes: ["email","openid","https://www.googleapis.com/auth/cloudplatformprojects.readonly","https://www.googleapis.com/auth/firebase","https://www.googleapis.com/auth/cloud-platform"]
[debug] [2025-06-20T02:00:20.017Z] > authorizing via signed-in user (felker.1999@mail.ru)
[info] 
     ######## #### ########  ######## ########     ###     ######  ########
     ##        ##  ##     ## ##       ##     ##  ##   ##  ##       ##
     ######    ##  ########  ######   ########  #########  ######  ######
     ##        ##  ##    ##  ##       ##     ## ##     ##       ## ##
     ##       #### ##     ## ######## ########  ##     ##  ######  ########

You're about to initialize a Firebase project in this directory:

  D:\MIni apps\tg-miniapp-new

[info] 
=== Project Setup
[info] 
[info] First, let's associate this project directory with a Firebase project.
[info] You can create multiple project aliases by running firebase use --add, 
[info] but for now we'll just set up a default project.
[info] 
[info] i  If you want to create a project in a Google Cloud organization or folder, please use "firebase projects:create" instead, and return to this command when you've created the project. 
[debug] [2025-06-20T02:02:23.175Z] Checked if tokens are valid: true, expires at: 1750388289180
[debug] [2025-06-20T02:02:23.176Z] Checked if tokens are valid: true, expires at: 1750388289180
[debug] [2025-06-20T02:02:23.177Z] >>> [apiv2][query] POST https://cloudresourcemanager.googleapis.com/v1/projects [none]
[debug] [2025-06-20T02:02:23.177Z] >>> [apiv2][body] POST https://cloudresourcemanager.googleapis.com/v1/projects {"projectId":"gelent-bot-app-123","name":"gelent-bot-app-123"}
[debug] [2025-06-20T02:02:24.158Z] <<< [apiv2][status] POST https://cloudresourcemanager.googleapis.com/v1/projects 200
[debug] [2025-06-20T02:02:24.158Z] <<< [apiv2][body] POST https://cloudresourcemanager.googleapis.com/v1/projects {"name":"operations/create_project.global.5546810776953841225"}
[debug] [2025-06-20T02:02:24.159Z] Checked if tokens are valid: true, expires at: 1750388289180
[debug] [2025-06-20T02:02:24.159Z] Checked if tokens are valid: true, expires at: 1750388289180
[debug] [2025-06-20T02:02:24.159Z] >>> [apiv2][query] GET https://cloudresourcemanager.googleapis.com/v1/operations/create_project.global.5546810776953841225 [none]
[debug] [2025-06-20T02:02:24.937Z] <<< [apiv2][status] GET https://cloudresourcemanager.googleapis.com/v1/operations/create_project.global.5546810776953841225 200
[debug] [2025-06-20T02:02:24.937Z] <<< [apiv2][body] GET https://cloudresourcemanager.googleapis.com/v1/operations/create_project.global.5546810776953841225 {"name":"operations/create_project.global.5546810776953841225","metadata":{"@type":"type.googleapis.com/google.cloudresourcemanager.v1.ProjectCreationStatus","ready":true},"done":true,"error":{"code":9,"message":"Callers must accept Terms of Service","details":[{"@type":"type.googleapis.com/google.rpc.PreconditionFailure","violations":[{"type":"TOS","subject":"cloud","description":"Callers must accept Terms of Service"}]}]}}
[debug] [2025-06-20T02:02:25.027Z] FirebaseError: Callers must accept Terms of Service
    at OperationPoller.poll (C:\Users\Илья\AppData\Roaming\npm\node_modules\firebase-tools\lib\operation-poller.js:24:19)
    at process.processTicksAndRejections (node:internal/process/task_queues:105:5)
    at async createCloudProject (C:\Users\Илья\AppData\Roaming\npm\node_modules\firebase-tools\lib\management\projects.js:202:29)
    at async createFirebaseProjectAndLog (C:\Users\Илья\AppData\Roaming\npm\node_modules\firebase-tools\lib\management\projects.js:70:9)
    at async promptAndCreateNewProject (C:\Users\Илья\AppData\Roaming\npm\node_modules\firebase-tools\lib\init\features\project.js:31:12)
    at async Object.doSetup (C:\Users\Илья\AppData\Roaming\npm\node_modules\firebase-tools\lib\init\features\project.js:85:31)
    at async init (C:\Users\Илья\AppData\Roaming\npm\node_modules\firebase-tools\lib\init\index.js:57:13)
    at async Command.initAction [as actionFn] (C:\Users\Илья\AppData\Roaming\npm\node_modules\firebase-tools\lib\commands\init.js:198:5)
[error] 
[error] Error: Failed to create project. See firebase-debug.log for more info.
